{
  "RSpec": {
    "coverage": {
      "/Users/gassinbreh/GitHub/rails/MrFixIt-rails/spec/features/job_pages_spec.rb": [
        1,
        null,
        1,
        1,
        1,
        1,
        null,
        1,
        1,
        1,
        1,
        1,
        1,
        1,
        null,
        1,
        1,
        1,
        1,
        1,
        1,
        1,
        1,
        1,
        null,
        null
      ],
      "/Users/gassinbreh/GitHub/rails/MrFixIt-rails/spec/rails_helper.rb": [
        null,
        1,
        1,
        null,
        1,
        1,
        1,
        1,
        1,
        null,
        null,
        null,
        null,
        null,
        null,
        null,
        null,
        null,
        null,
        null,
        null,
        null,
        null,
        null,
        null,
        null,
        null,
        null,
        1,
        null,
        1,
        null,
        1,
        null,
        null,
        null,
        null,
        1,
        1,
        null,
        null,
        1,
        12,
        12,
        null,
        null,
        null,
        null,
        null,
        null,
        null,
        null,
        null,
        null,
        null,
        null,
        null,
        null,
        null,
        1,
        null,
        null,
        1,
        null,
        null,
        null,
        null,
        null,
        1,
        1,
        1,
        1,
        null,
        null,
        null,
        1
      ],
      "/Users/gassinbreh/GitHub/rails/MrFixIt-rails/config/environment.rb": [
        null,
        1,
        null,
        null,
        1
      ],
      "/Users/gassinbreh/GitHub/rails/MrFixIt-rails/config/application.rb": [
        1,
        null,
        1,
        null,
        1,
        1,
        1,
        1,
        1,
        1,
        1,
        1,
        null,
        null,
        null,
        null,
        1,
        null,
        1,
        1,
        null,
        null,
        null,
        null,
        null
      ],
      "/Users/gassinbreh/GitHub/rails/MrFixIt-rails/config/boot.rb": [
        1,
        null,
        1
      ],
      "/Users/gassinbreh/GitHub/rails/MrFixIt-rails/config/environments/test.rb": [
        1,
        null,
        null,
        null,
        null,
        null,
        null,
        1,
        null,
        null,
        null,
        null,
        1,
        null,
        null,
        1,
        1,
        null,
        null,
        null,
        null,
        1,
        1,
        null,
        null,
        1,
        null,
        null,
        1,
        1,
        null,
        null,
        null,
        null,
        1,
        null,
        null,
        1,
        null,
        null,
        null,
        null
      ],
      "/Users/gassinbreh/GitHub/rails/MrFixIt-rails/config/initializers/application_controller_renderer.rb": [
        null,
        null,
        null,
        null,
        null,
        null
      ],
      "/Users/gassinbreh/GitHub/rails/MrFixIt-rails/config/initializers/assets.rb": [
        null,
        null,
        null,
        1,
        null,
        null,
        null,
        null,
        null,
        null,
        null
      ],
      "/Users/gassinbreh/GitHub/rails/MrFixIt-rails/config/initializers/backtrace_silencers.rb": [
        null,
        null,
        null,
        null,
        null,
        null,
        null
      ],
      "/Users/gassinbreh/GitHub/rails/MrFixIt-rails/config/initializers/cookies_serializer.rb": [
        null,
        null,
        null,
        null,
        1
      ],
      "/Users/gassinbreh/GitHub/rails/MrFixIt-rails/config/initializers/devise.rb": [
        null,
        null,
        1,
        null,
        null,
        null,
        null,
        null,
        null,
        null,
        null,
        null,
        null,
        null,
        1,
        null,
        null,
        null,
        null,
        null,
        null,
        null,
        null,
        null,
        null,
        null,
        1,
        null,
        null,
        null,
        null,
        null,
        null,
        null,
        null,
        null,
        null,
        null,
        null,
        null,
        null,
        null,
        null,
        null,
        null,
        null,
        null,
        null,
        1,
        null,
        null,
        null,
        null,
        1,
        null,
        null,
        null,
        null,
        null,
        null,
        null,
        null,
        null,
        null,
        null,
        null,
        null,
        null,
        null,
        null,
        null,
        null,
        null,
        null,
        null,
        null,
        null,
        null,
        null,
        null,
        null,
        null,
        null,
        null,
        1,
        null,
        null,
        null,
        null,
        null,
        null,
        null,
        null,
        null,
        null,
        null,
        null,
        null,
        null,
        null,
        null,
        null,
        null,
        null,
        null,
        null,
        null,
        1,
        null,
        null,
        null,
        null,
        null,
        null,
        null,
        null,
        null,
        null,
        null,
        null,
        null,
        null,
        null,
        null,
        null,
        null,
        null,
        null,
        null,
        null,
        null,
        null,
        null,
        null,
        null,
        1,
        null,
        null,
        null,
        null,
        null,
        null,
        null,
        null,
        null,
        1,
        null,
        null,
        null,
        null,
        null,
        null,
        null,
        null,
        null,
        null,
        1,
        null,
        null,
        null,
        null,
        1,
        null,
        null,
        null,
        null,
        null,
        null,
        null,
        null,
        null,
        null,
        null,
        null,
        null,
        null,
        null,
        null,
        null,
        null,
        null,
        null,
        null,
        null,
        null,
        null,
        null,
        null,
        null,
        null,
        null,
        null,
        null,
        null,
        null,
        null,
        null,
        null,
        null,
        null,
        null,
        null,
        1,
        null,
        null,
        null,
        null,
        null,
        null,
        null,
        null,
        null,
        null,
        null,
        null,
        null,
        null,
        null,
        null,
        null,
        null,
        null,
        null,
        null,
        null,
        null,
        null,
        null,
        null,
        null,
        null,
        null,
        null,
        null,
        null,
        null,
        null,
        null,
        null,
        null,
        null,
        null,
        null,
        null,
        1,
        null,
        null,
        null,
        null,
        null,
        null,
        null,
        null,
        null,
        null,
        null,
        null,
        null,
        null,
        null,
        null,
        null,
        null,
        null,
        null,
        null,
        null,
        null,
        null,
        null,
        null,
        null,
        null,
        null
      ],
      "/Users/gassinbreh/GitHub/rails/MrFixIt-rails/config/initializers/filter_parameter_logging.rb": [
        null,
        null,
        null,
        1
      ],
      "/Users/gassinbreh/GitHub/rails/MrFixIt-rails/config/initializers/inflections.rb": [
        null,
        null,
        null,
        null,
        null,
        null,
        null,
        null,
        null,
        null,
        null,
        null,
        null,
        null,
        null,
        null
      ],
      "/Users/gassinbreh/GitHub/rails/MrFixIt-rails/config/initializers/mime_types.rb": [
        null,
        null,
        null,
        null
      ],
      "/Users/gassinbreh/GitHub/rails/MrFixIt-rails/config/initializers/new_framework_defaults.rb": [
        null,
        null,
        null,
        null,
        null,
        null,
        null,
        1,
        null,
        null,
        1,
        null,
        null,
        null,
        1,
        null,
        null,
        1,
        null,
        null,
        1,
        null,
        null,
        1
      ],
      "/Users/gassinbreh/GitHub/rails/MrFixIt-rails/config/initializers/session_store.rb": [
        null,
        null,
        1
      ],
      "/Users/gassinbreh/GitHub/rails/MrFixIt-rails/config/initializers/wrap_parameters.rb": [
        null,
        null,
        null,
        null,
        null,
        null,
        1,
        2,
        null,
        null,
        null,
        null,
        null,
        null
      ],
      "/Users/gassinbreh/GitHub/rails/MrFixIt-rails/config/routes.rb": [
        1,
        1,
        1,
        1,
        null,
        1,
        1,
        null
      ],
      "/Users/gassinbreh/GitHub/rails/MrFixIt-rails/app/models/worker.rb": [
        1,
        null,
        null,
        1,
        null,
        1,
        null
      ],
      "/Users/gassinbreh/GitHub/rails/MrFixIt-rails/app/models/application_record.rb": [
        1,
        1,
        null
      ],
      "/Users/gassinbreh/GitHub/rails/MrFixIt-rails/app/models/user.rb": [
        1,
        null,
        null,
        1,
        null,
        null
      ],
      "/Users/gassinbreh/GitHub/rails/MrFixIt-rails/app/controllers/application_controller.rb": [
        1,
        1,
        null,
        1,
        1,
        7,
        1,
        1,
        null,
        null,
        null
      ],
      "/Users/gassinbreh/GitHub/rails/MrFixIt-rails/app/helpers/application_helper.rb": [
        1,
        null
      ],
      "/Users/gassinbreh/GitHub/rails/MrFixIt-rails/app/channels/application_cable/channel.rb": [
        1,
        1,
        null,
        null
      ],
      "/Users/gassinbreh/GitHub/rails/MrFixIt-rails/app/channels/application_cable/connection.rb": [
        1,
        1,
        null,
        null
      ],
      "/Users/gassinbreh/GitHub/rails/MrFixIt-rails/app/controllers/jobs_controller.rb": [
        1,
        1,
        1,
        null,
        1,
        2,
        null,
        null,
        1,
        1,
        1,
        null,
        null,
        1,
        1,
        null,
        null,
        1,
        2,
        2,
        1,
        null,
        1,
        null,
        null,
        null,
        1,
        1,
        1,
        1,
        1,
        1,
        1,
        null,
        null,
        null,
        null,
        null,
        null,
        1,
        null,
        1,
        3,
        null,
        null,
        null
      ],
      "/Users/gassinbreh/GitHub/rails/MrFixIt-rails/app/controllers/landing_controller.rb": [
        1,
        1,
        4,
        null,
        null
      ],
      "/Users/gassinbreh/GitHub/rails/MrFixIt-rails/app/controllers/workers_controller.rb": [
        1,
        1,
        1,
        1,
        2,
        2,
        null,
        null,
        1,
        null,
        3,
        1,
        1,
        2,
        null,
        1,
        1,
        null,
        1,
        null,
        null,
        null,
        null
      ],
      "/Users/gassinbreh/GitHub/rails/MrFixIt-rails/app/jobs/application_job.rb": [
        1,
        null
      ],
      "/Users/gassinbreh/GitHub/rails/MrFixIt-rails/app/mailers/application_mailer.rb": [
        1,
        1,
        1,
        null
      ],
      "/Users/gassinbreh/GitHub/rails/MrFixIt-rails/app/models/job.rb": [
        1,
        1,
        null
      ],
      "/Users/gassinbreh/GitHub/rails/MrFixIt-rails/spec/factories.rb": [
        1,
        1,
        1,
        1,
        null,
        null,
        1,
        1,
        1,
        null,
        null
      ],
      "/Users/gassinbreh/GitHub/rails/MrFixIt-rails/spec/features/landing_pages_spec.rb": [
        1,
        null,
        1,
        1,
        1,
        1,
        null,
        null
      ],
      "/Users/gassinbreh/GitHub/rails/MrFixIt-rails/spec/features/user_pages_spec.rb": [
        1,
        null,
        1,
        1,
        1,
        1,
        1,
        1,
        1,
        1,
        1,
        null,
        1,
        1,
        1,
        1,
        1,
        null,
        1,
        1,
        1,
        null,
        null
      ],
      "/Users/gassinbreh/GitHub/rails/MrFixIt-rails/spec/features/worker_pages_spec.rb": [
        1,
        null,
        1,
        1,
        1,
        1,
        1,
        1,
        null,
        null,
        1,
        1,
        1,
        1,
        1,
        1,
        1,
        null,
        1,
        1,
        1,
        1,
        1,
        null,
        null
      ],
      "/Users/gassinbreh/GitHub/rails/MrFixIt-rails/spec/models/job_spec.rb": [
        1,
        null,
        1,
        2,
        null
      ],
      "/Users/gassinbreh/GitHub/rails/MrFixIt-rails/spec/models/worker_spec.rb": [
        1,
        null,
        1,
        2,
        null
      ]
    },
    "timestamp": 1487980772
  }
}
